Build started 15.03.2015 16:24:52.
     1>Project "C:\Users\Enko\Desktop\Programming\CPPWorkSpace\CPP_BankSystem\2_MyBankSystem\2_MyBankSystem.vcxproj" on node 2 (Build target(s)).
     1>InitializeBuildStatus:
         Creating "Debug\2_MyBankSystem.tlog\unsuccessfulbuild" because "AlwaysCreate" was specified.
       ClCompile:
         C:\Program Files (x86)\Microsoft Visual Studio 12.0\VC\bin\CL.exe /c /ZI /nologo /W3 /WX- /sdl /Od /Oy- /D WIN32 /D _DEBUG /D _CONSOLE /D _LIB /D _UNICODE /D UNICODE /Gm /EHsc /RTC1 /MDd /GS /fp:precise /Zc:wchar_t /Zc:forScope /Fo"Debug\\" /Fd"Debug\vc120.pdb" /Gd /TP /analyze- /errorReport:prompt -std=c++11 terminal.cpp
     1>cl : Command line warning D9002: ignoring unknown option '-std=c++11'
         terminal.cpp
     1>c:\users\enko\desktop\programming\cppworkspace\cpp_banksystem\2_mybanksystem\terminal.cpp(110): warning C4018: '>=' : signed/unsigned mismatch
     1>c:\users\enko\desktop\programming\cppworkspace\cpp_banksystem\2_mybanksystem\terminal.cpp(130): warning C4018: '<' : signed/unsigned mismatch
     1>c:\users\enko\desktop\programming\cppworkspace\cpp_banksystem\2_mybanksystem\terminal.cpp(140): warning C4018: '>' : signed/unsigned mismatch
     1>c:\users\enko\desktop\programming\cppworkspace\cpp_banksystem\2_mybanksystem\terminal.cpp(236): warning C4018: '>' : signed/unsigned mismatch
     1>c:\users\enko\desktop\programming\cppworkspace\cpp_banksystem\2_mybanksystem\terminal.cpp(286): warning C4018: '>=' : signed/unsigned mismatch
     1>c:\users\enko\desktop\programming\cppworkspace\cpp_banksystem\2_mybanksystem\terminal.cpp(358): warning C4018: '>' : signed/unsigned mismatch
       Link:
         C:\Program Files (x86)\Microsoft Visual Studio 12.0\VC\bin\link.exe /ERRORREPORT:PROMPT /OUT:"C:\Users\Enko\Desktop\Programming\CPPWorkSpace\CPP_BankSystem\Debug\2_MyBankSystem.exe" /INCREMENTAL /NOLOGO kernel32.lib user32.lib gdi32.lib winspool.lib comdlg32.lib advapi32.lib shell32.lib ole32.lib oleaut32.lib uuid.lib odbc32.lib odbccp32.lib /MANIFEST /MANIFESTUAC:"level='asInvoker' uiAccess='false'" /manifest:embed /DEBUG /PDB:"C:\Users\Enko\Desktop\Programming\CPPWorkSpace\CPP_BankSystem\Debug\2_MyBankSystem.pdb" /SUBSYSTEM:CONSOLE /TLBID:1 /DYNAMICBASE /NXCOMPAT /IMPLIB:"C:\Users\Enko\Desktop\Programming\CPPWorkSpace\CPP_BankSystem\Debug\2_MyBankSystem.lib" /MACHINE:X86 Debug\2_MyBankSystem.obj
         Debug\account.obj
         Debug\bank.obj
         Debug\client.obj
         Debug\individualclient.obj
         Debug\legalentity.obj
         Debug\terminal.obj
         2_MyBankSystem.vcxproj -> C:\Users\Enko\Desktop\Programming\CPPWorkSpace\CPP_BankSystem\Debug\2_MyBankSystem.exe
       FinalizeBuildStatus:
         Deleting file "Debug\2_MyBankSystem.tlog\unsuccessfulbuild".
         Touching "Debug\2_MyBankSystem.tlog\2_MyBankSystem.lastbuildstate".
     1>Done Building Project "C:\Users\Enko\Desktop\Programming\CPPWorkSpace\CPP_BankSystem\2_MyBankSystem\2_MyBankSystem.vcxproj" (Build target(s)).

Build succeeded.

Time Elapsed 00:00:01.08
